<?xml version="1.0" encoding="UTF-8"?>
<testsuite xmlns:xsi="http://www.w3.org/2001/XMLSchema-instance" xsi:noNamespaceSchemaLocation="https://maven.apache.org/surefire/maven-surefire-plugin/xsd/surefire-test-report.xsd" name="hiekkaranta.HiekkarantaTest" time="0.256" tests="10" errors="0" skipped="0" failures="4">
  <properties>
[...]
</properties>
  <testcase name="vesiTayttaaKuopan" classname="hiekkaranta.HiekkarantaTest" time="0.042">
    <failure message="Kun metallista muodostetaan kuppi, ja vettä kaadetaan kuppiin kupin yläpuolelta, tulee veden päätyä kuppiin.&#10;Ylimenevän veden tulee valua yli. expected:&lt;VESI&gt; but was:&lt;TYHJA&gt;" type="java.lang.AssertionError"><![CDATA[java.lang.AssertionError: 
Kun metallista muodostetaan kuppi, ja vettä kaadetaan kuppiin kupin yläpuolelta, tulee veden päätyä kuppiin.
Ylimenevän veden tulee valua yli. expected:<VESI> but was:<TYHJA>
	at hiekkaranta.HiekkarantaTest.vesiTayttaaKuopan(HiekkarantaTest.java:413)
]]></failure>
  </testcase>
  <testcase name="vesiJaHiekkaVaihtaaPaikkaa" classname="hiekkaranta.HiekkarantaTest" time="0">
    <failure message="Hiekan tulee olla painavampi kuin veden, eli hiekan tulee vaihtaa veden kanssa paikkaa simulaatiossa niiden ollessa päällekkäin. Kokeile toimintaa 2x3 kokoisella simulaatiolla.. expected:&lt;HIEKKA&gt; but was:&lt;VESI&gt;" type="java.lang.AssertionError"><![CDATA[java.lang.AssertionError: Hiekan tulee olla painavampi kuin veden, eli hiekan tulee vaihtaa veden kanssa paikkaa simulaatiossa niiden ollessa päällekkäin. Kokeile toimintaa 2x3 kokoisella simulaatiolla.. expected:<HIEKKA> but was:<VESI>
	at hiekkaranta.HiekkarantaTest.vesiJaHiekkaVaihtaaPaikkaa(HiekkarantaTest.java:349)
]]></failure>
  </testcase>
  <testcase name="vesiSiirtyySimulaatiossa" classname="hiekkaranta.HiekkarantaTest" time="0.004">
    <failure message="Kun simulaatioon on lisätty kohtaan (x=10, y=100) vettä ja simulaation paivita-metodia on kutsuttu, ei veden enää pitäisi olla alkuperäisessä paikassa.. Actual: VESI" type="java.lang.AssertionError">java.lang.AssertionError: Kun simulaatioon on lisätty kohtaan (x=10, y=100) vettä ja simulaation paivita-metodia on kutsuttu, ei veden enää pitäisi olla alkuperäisessä paikassa.. Actual: VESI
	at hiekkaranta.HiekkarantaTest.vesiSiirtyySimulaatiossa(HiekkarantaTest.java:303)
</failure>
  </testcase>
  <testcase name="simulaationAlkupalat" classname="hiekkaranta.HiekkarantaTest" time="0.002"/>
  <testcase name="lisaaminenJaSisaltoToimii" classname="hiekkaranta.HiekkarantaTest" time="0"/>
  <testcase name="ulkopuolellaMetallia" classname="hiekkaranta.HiekkarantaTest" time="0"/>
  <testcase name="tippuvaHiekkaPutoaaPohjalle" classname="hiekkaranta.HiekkarantaTest" time="0.182">
    <failure message="Valuuhan hiekka myös sivuille? expected:&lt;HIEKKA&gt; but was:&lt;TYHJA&gt;" type="java.lang.AssertionError"><![CDATA[java.lang.AssertionError: Valuuhan hiekka myös sivuille? expected:<HIEKKA> but was:<TYHJA>
	at hiekkaranta.HiekkarantaTest.tippuvaHiekkaPutoaaPohjalle(HiekkarantaTest.java:260)
]]></failure>
  </testcase>
  <testcase name="vesiJaMetalliEiVaihdaPaikkaa" classname="hiekkaranta.HiekkarantaTest" time="0"/>
  <testcase name="hiekkaSiirtyySimulaatiossa" classname="hiekkaranta.HiekkarantaTest" time="0.003"/>
  <testcase name="hiekkaEiSiirryMetallinYli" classname="hiekkaranta.HiekkarantaTest" time="0.002"/>
</testsuite>