<?xml version="1.0" encoding="UTF-8"?>
<testsuite xmlns:xsi="http://www.w3.org/2001/XMLSchema-instance" xsi:noNamespaceSchemaLocation="https://maven.apache.org/surefire/maven-surefire-plugin/xsd/surefire-test-report.xsd" name="schelling.EriytymismalliTest" time="0.071" tests="6" errors="0" skipped="0" failures="0">
  <properties>
[...]
</properties>
  <testcase name="haeTyytymattomat" classname="schelling.EriytymismalliTest" time="0.004"/>
  <testcase name="tyhjatPaikatPalautetaanOikein" classname="schelling.EriytymismalliTest" time="0.001"/>
  <testcase name="tyhjatPaikatPalauttaaKaikkiArvotJosAsetettuTyhjaksi" classname="schelling.EriytymismalliTest" time="0"/>
  <testcase name="satunnaisetPaikatJaTyhjat" classname="schelling.EriytymismalliTest" time="0.031"/>
  <testcase name="arvojenAsettaminenJaHakeminenToimii" classname="schelling.EriytymismalliTest" time="0"/>
  <testcase name="haeTyytymattomat2" classname="schelling.EriytymismalliTest" time="0"/>
</testsuite>